<?xml version="1.0" encoding="UTF-8"?>
<!-- Generated by org.testng.reporters.JUnitXMLReporter -->
<testsuite hostname="LAPTOP-5EAMJ23T" ignored="0" name="Default test" tests="5" failures="0" timestamp="19 Feb 2019 06:45:29 GMT" time="9.982" errors="0">
  <testcase name="getResponseCode" time="1.434" classname="com.qa.testcases.GetAPITest"/>
  <testcase name="getTest" time="0.2" classname="com.qa.testcases.GetAPITest"/>
  <testcase name="headers" time="0.174" classname="com.qa.testcases.GetAPITest"/>
  <testcase name="jsonArrayValues" time="4.81" classname="com.qa.testcases.GetAPITest"/>
  <testcase name="jsonObjectValues" time="3.308" classname="com.qa.testcases.GetAPITest"/>
</testsuite> <!-- Default test -->
