<?xml version="1.0" encoding="UTF-8"?>
<!-- Generated by org.testng.reporters.JUnitXMLReporter -->
<testsuite hostname="LAPTOP-5EAMJ23T" ignored="0" name="Default test" tests="5" failures="0" timestamp="19 Feb 2019 06:33:47 GMT" time="3.754" errors="0">
  <testcase name="getResponseCode" time="1.356" classname="com.qa.testcases.GetAPITest"/>
  <testcase name="getTest" time="0.228" classname="com.qa.testcases.GetAPITest"/>
  <testcase name="headers" time="0.159" classname="com.qa.testcases.GetAPITest"/>
  <testcase name="jsonArrayValues" time="1.695" classname="com.qa.testcases.GetAPITest"/>
  <testcase name="jsonObjectValues" time="0.26" classname="com.qa.testcases.GetAPITest"/>
</testsuite> <!-- Default test -->
