<?xml version="1.0" encoding="UTF-8"?>
<testng-results skipped="0" failed="0" ignored="0" total="5" passed="5">
  <reporter-output>
  </reporter-output>
  <suite name="Default suite" duration-ms="9982" started-at="2019-02-19T06:45:19Z" finished-at="2019-02-19T06:45:29Z">
    <groups>
    </groups>
    <test name="Default test" duration-ms="9982" started-at="2019-02-19T06:45:19Z" finished-at="2019-02-19T06:45:29Z">
      <class name="com.qa.testcases.GetAPITest">
        <test-method status="PASS" signature="setUp()[pri:0, instance:com.qa.testcases.GetAPITest@1810399e]" name="setUp" is-config="true" duration-ms="7" started-at="2019-02-18T22:45:19Z" finished-at="2019-02-18T22:45:19Z">
          <reporter-output>
          </reporter-output>
        </test-method> <!-- setUp -->
        <test-method status="PASS" signature="getResponseCode()[pri:0, instance:com.qa.testcases.GetAPITest@1810399e]" name="getResponseCode" duration-ms="1434" started-at="2019-02-18T22:45:19Z" finished-at="2019-02-18T22:45:20Z">
          <reporter-output>
          </reporter-output>
        </test-method> <!-- getResponseCode -->
        <test-method status="PASS" signature="getTest()[pri:0, instance:com.qa.testcases.GetAPITest@1810399e]" name="getTest" duration-ms="200" started-at="2019-02-18T22:45:20Z" finished-at="2019-02-18T22:45:20Z">
          <reporter-output>
          </reporter-output>
        </test-method> <!-- getTest -->
        <test-method status="PASS" signature="setUp()[pri:0, instance:com.qa.testcases.GetAPITest@1810399e]" name="setUp" is-config="true" duration-ms="0" started-at="2019-02-18T22:45:20Z" finished-at="2019-02-18T22:45:20Z">
          <reporter-output>
          </reporter-output>
        </test-method> <!-- setUp -->
        <test-method status="PASS" signature="setUp()[pri:0, instance:com.qa.testcases.GetAPITest@1810399e]" name="setUp" is-config="true" duration-ms="2" started-at="2019-02-18T22:45:20Z" finished-at="2019-02-18T22:45:20Z">
          <reporter-output>
          </reporter-output>
        </test-method> <!-- setUp -->
        <test-method status="PASS" signature="headers()[pri:0, instance:com.qa.testcases.GetAPITest@1810399e]" name="headers" duration-ms="174" started-at="2019-02-18T22:45:20Z" finished-at="2019-02-18T22:45:21Z">
          <reporter-output>
          </reporter-output>
        </test-method> <!-- headers -->
        <test-method status="PASS" signature="jsonArrayValues()[pri:0, instance:com.qa.testcases.GetAPITest@1810399e]" name="jsonArrayValues" duration-ms="4810" started-at="2019-02-18T22:45:21Z" finished-at="2019-02-18T22:45:25Z">
          <reporter-output>
          </reporter-output>
        </test-method> <!-- jsonArrayValues -->
        <test-method status="PASS" signature="setUp()[pri:0, instance:com.qa.testcases.GetAPITest@1810399e]" name="setUp" is-config="true" duration-ms="0" started-at="2019-02-18T22:45:21Z" finished-at="2019-02-18T22:45:21Z">
          <reporter-output>
          </reporter-output>
        </test-method> <!-- setUp -->
        <test-method status="PASS" signature="setUp()[pri:0, instance:com.qa.testcases.GetAPITest@1810399e]" name="setUp" is-config="true" duration-ms="1" started-at="2019-02-18T22:45:25Z" finished-at="2019-02-18T22:45:25Z">
          <reporter-output>
          </reporter-output>
        </test-method> <!-- setUp -->
        <test-method status="PASS" signature="jsonObjectValues()[pri:0, instance:com.qa.testcases.GetAPITest@1810399e]" name="jsonObjectValues" duration-ms="3308" started-at="2019-02-18T22:45:25Z" finished-at="2019-02-18T22:45:29Z">
          <reporter-output>
          </reporter-output>
        </test-method> <!-- jsonObjectValues -->
      </class> <!-- com.qa.testcases.GetAPITest -->
    </test> <!-- Default test -->
  </suite> <!-- Default suite -->
</testng-results>
